[debug] [2023-08-29T19:18:45.084Z] ----------------------------------------------------------------------
[debug] [2023-08-29T19:18:45.087Z] Command:       C:\Program Files\nodejs\node.exe C:\Users\andre\AppData\Roaming\npm\node_modules\firebase-tools\lib\bin\firebase.js init hosting
[debug] [2023-08-29T19:18:45.087Z] CLI Version:   12.4.6
[debug] [2023-08-29T19:18:45.087Z] Platform:      win32
[debug] [2023-08-29T19:18:45.087Z] Node Version:  v20.0.0
[debug] [2023-08-29T19:18:45.087Z] Time:          Tue Aug 29 2023 22:18:45 GMT+0300 (Israel Daylight Time)
[debug] [2023-08-29T19:18:45.088Z] ----------------------------------------------------------------------
[debug] 
[debug] [2023-08-29T19:18:45.092Z] >>> [apiv2][query] GET https://firebase-public.firebaseio.com/cli.json [none]
[debug] [2023-08-29T19:18:45.134Z] > command requires scopes: ["email","openid","https://www.googleapis.com/auth/cloudplatformprojects.readonly","https://www.googleapis.com/auth/firebase","https://www.googleapis.com/auth/cloud-platform"]
[debug] [2023-08-29T19:18:45.134Z] > authorizing via signed-in user (andrey1de@gmail.com)
[info] 
     ######## #### ########  ######## ########     ###     ######  ########
     ##        ##  ##     ## ##       ##     ##  ##   ##  ##       ##
     ######    ##  ########  ######   ########  #########  ######  ######
     ##        ##  ##    ##  ##       ##     ## ##     ##       ## ##
     ##       #### ##     ## ######## ########  ##     ##  ######  ########

You're about to initialize a Firebase project in this directory:

  C:\w\abiker16\src\app\_services

Before we get started, keep in mind:

  * You are currently outside your home directory

[debug] [2023-08-29T19:18:46.226Z] *** [apiv2] error from fetch(https://firebase-public.firebaseio.com/cli.json, {"headers":{},"method":"GET"}): FetchError: request to https://firebase-public.firebaseio.com/cli.json failed, reason: Socket connection timeout
[warn] !  Unable to fetch the CLI MOTD and remote config. 
[debug] [2023-08-29T19:18:46.226Z] Failed to fetch MOTD FirebaseError: Failed to make request to https://firebase-public.firebaseio.com/cli.json
